00:00:00.000622 main     VirtualBox XPCOM Server 7.0.4 r154605 linux.amd64 (Nov 18 2022 12:54:46) release log
00:00:00.000624 main     Log opened 2022-12-07T06:55:59.854681000Z
00:00:00.000625 main     Build Type: release
00:00:00.000627 main     OS Product: Linux
00:00:00.000628 main     OS Release: 6.0.11-arch1-1
00:00:00.000629 main     OS Version: #1 SMP PREEMPT_DYNAMIC Fri, 02 Dec 2022 17:25:31 +0000
00:00:00.000645 main     DMI Product Name: HP Laptop 17-bs1xx
00:00:00.000651 main     DMI Product Version: Type1ProductConfigId
00:00:00.000655 main     Firmware type: UEFI
00:00:00.001171 main     Secure Boot: Disabled
00:00:00.001214 main     Host RAM: 11840MB (11.5GB) total, 8635MB (8.4GB) available
00:00:00.001216 main     Executable: /usr/lib/virtualbox/VBoxSVC
00:00:00.001217 main     Process ID: 2963156
00:00:00.001217 main     Package type: LINUX_64BITS_GENERIC (OSE)
00:00:00.002453 main     IPC socket path: /tmp/.vbox-thegassyninja-ipc/ipcd
00:00:00.108914 nspr-2   VirtualBox: object creation starts
00:00:00.109001 nspr-2   Home directory: '/home/thegassyninja/.config/VirtualBox'
00:00:00.122658 nspr-2   Loading settings file "/home/thegassyninja/.config/VirtualBox/VirtualBox.xml" with version "1.12-linux"
00:00:00.143075 nspr-2   HostDnsMonitor: initializing
00:00:00.143370 nspr-2   NAT: resolv.conf: nameserver 192.168.254.254
00:00:00.143384 nspr-2   HostDnsMonitor: updating information
00:00:00.143396 nspr-2   HostDnsMonitor: old information
00:00:00.143399 nspr-2     no server entries
00:00:00.143402 nspr-2     no domain set
00:00:00.143405 nspr-2     no search string entries
00:00:00.143408 nspr-2   HostDnsMonitor: new information
00:00:00.143412 nspr-2     server 1: 192.168.254.254
00:00:00.143415 nspr-2     domain: home
00:00:00.143418 nspr-2     search string 1: home
00:00:00.145486 nspr-2   VD: VDInit finished with VINF_SUCCESS
00:00:00.145572 nspr-2   ERROR [COM]: aRC=NS_ERROR_FAILURE (0x80004005) aIID={aac6c7cb-a371-4c58-ab51-0616896b2f2c} aComponent={SystemPropertiesWrap} aText={Cannot determine default Guest Additions ISO location. Most likely they are not available}, preserve=false aResultDetail=0
00:00:00.146363 nspr-2   Loading settings file "/home/thegassyninja/VirtualBox VMs/Arch-base/Arch-base.vbox" with version "1.19-linux"
00:00:00.146997 nspr-2   VirtualBox: object created
00:00:00.763741 nspr-3   WARNING [COM]: aRC=NS_ERROR_FAILURE (0x80004005) aIID={e54f6256-97a7-4947-8a78-10c013ddf4b8} aComponent={HostWrap} aText={VirtualBox is not currently allowed to access USB devices.  You can change this by adding your user to the 'vboxusers' group.  Please see the user manual for a more detailed explanation}, preserve=true aResultDetail=0
00:00:00.766436 nspr-2   WARNING [COM]: aRC=NS_ERROR_FAILURE (0x80004005) aIID={e54f6256-97a7-4947-8a78-10c013ddf4b8} aComponent={HostWrap} aText={VirtualBox is not currently allowed to access USB devices.  You can change this by adding your user to the 'vboxusers' group.  Please see the user manual for a more detailed explanation}, preserve=false aResultDetail=0
00:00:01.006705 nspr-2   ERROR [COM]: aRC=VBOX_E_INVALID_VM_STATE (0x80bb0002) aIID={300763af-5d6b-46e6-aa96-273eac15538a} aComponent={MachineWrap} aText={The machine is not mutable (state is PoweredOff)}, preserve=false aResultDetail=0
00:00:01.234866 nspr-5   Saving settings file "/home/thegassyninja/.config/VirtualBox/VirtualBox.xml" with version "1.12-linux"
00:00:01.243849 nspr-5   Finished saving settings file "/home/thegassyninja/.config/VirtualBox/VirtualBox.xml"
00:00:01.386910 nspr-2   WARNING [COM]: aRC=NS_ERROR_FAILURE (0x80004005) aIID={e54f6256-97a7-4947-8a78-10c013ddf4b8} aComponent={HostWrap} aText={VirtualBox is not currently allowed to access USB devices.  You can change this by adding your user to the 'vboxusers' group.  Please see the user manual for a more detailed explanation}, preserve=true aResultDetail=0
00:00:01.388707 nspr-2   WARNING [COM]: aRC=NS_ERROR_FAILURE (0x80004005) aIID={e54f6256-97a7-4947-8a78-10c013ddf4b8} aComponent={HostWrap} aText={VirtualBox is not currently allowed to access USB devices.  You can change this by adding your user to the 'vboxusers' group.  Please see the user manual for a more detailed explanation}, preserve=true aResultDetail=0
00:00:14.198062 nspr-5   WARNING [COM]: aRC=NS_ERROR_FAILURE (0x80004005) aIID={e54f6256-97a7-4947-8a78-10c013ddf4b8} aComponent={HostWrap} aText={VirtualBox is not currently allowed to access USB devices.  You can change this by adding your user to the 'vboxusers' group.  Please see the user manual for a more detailed explanation}, preserve=true aResultDetail=0
00:00:14.733027 nspr-2   ERROR [COM]: aRC=VBOX_E_OBJECT_NOT_FOUND (0x80bb0001) aIID={5bfd8965-b81b-469f-8649-f717ce97a5d5} aComponent={NvramStoreWrap} aText={The UEFI NVRAM file is not existing for this machine.}, preserve=false aResultDetail=0
00:00:14.777331 nspr-2   WARNING [COM]: aRC=NS_ERROR_FAILURE (0x80004005) aIID={e54f6256-97a7-4947-8a78-10c013ddf4b8} aComponent={HostWrap} aText={VirtualBox is not currently allowed to access USB devices.  You can change this by adding your user to the 'vboxusers' group.  Please see the user manual for a more detailed explanation}, preserve=true aResultDetail=0
00:00:14.777810 nspr-4   WARNING [COM]: aRC=NS_ERROR_FAILURE (0x80004005) aIID={e54f6256-97a7-4947-8a78-10c013ddf4b8} aComponent={HostWrap} aText={VirtualBox is not currently allowed to access USB devices.  You can change this by adding your user to the 'vboxusers' group.  Please see the user manual for a more detailed explanation}, preserve=true aResultDetail=0
00:00:15.139642 nspr-2   ERROR [COM]: aRC=VBOX_E_INVALID_VM_STATE (0x80bb0002) aIID={300763af-5d6b-46e6-aa96-273eac15538a} aComponent={MachineWrap} aText={The machine is not mutable (state is PoweredOff)}, preserve=false aResultDetail=0
00:00:15.154839 nspr-4   WARNING [COM]: aRC=NS_ERROR_FAILURE (0x80004005) aIID={e54f6256-97a7-4947-8a78-10c013ddf4b8} aComponent={HostWrap} aText={VirtualBox is not currently allowed to access USB devices.  You can change this by adding your user to the 'vboxusers' group.  Please see the user manual for a more detailed explanation}, preserve=true aResultDetail=0
00:00:15.155874 nspr-4   WARNING [COM]: aRC=NS_ERROR_FAILURE (0x80004005) aIID={e54f6256-97a7-4947-8a78-10c013ddf4b8} aComponent={HostWrap} aText={VirtualBox is not currently allowed to access USB devices.  You can change this by adding your user to the 'vboxusers' group.  Please see the user manual for a more detailed explanation}, preserve=true aResultDetail=0
00:00:15.225095 nspr-2   Saving settings file "/home/thegassyninja/.config/VirtualBox/VirtualBox.xml" with version "1.12-linux"
00:00:15.233280 nspr-2   Finished saving settings file "/home/thegassyninja/.config/VirtualBox/VirtualBox.xml"
00:00:23.738327 nspr-4   Saving settings file "/home/thegassyninja/.config/VirtualBox/VirtualBox.xml" with version "1.12-linux"
00:00:23.745653 nspr-4   Finished saving settings file "/home/thegassyninja/.config/VirtualBox/VirtualBox.xml"
00:00:46.776697 nspr-5   WARNING [COM]: aRC=NS_ERROR_FAILURE (0x80004005) aIID={e54f6256-97a7-4947-8a78-10c013ddf4b8} aComponent={HostWrap} aText={VirtualBox is not currently allowed to access USB devices.  You can change this by adding your user to the 'vboxusers' group.  Please see the user manual for a more detailed explanation}, preserve=true aResultDetail=0
00:00:46.777324 nspr-5   Saving settings file "/home/thegassyninja/VirtualBox VMs/Arch-base/Arch-base.vbox" with version "1.19-linux"
00:00:46.788257 nspr-5   Finished saving settings file "/home/thegassyninja/VirtualBox VMs/Arch-base/Arch-base.vbox"
00:00:46.940090 nspr-3   ERROR [COM]: aRC=VBOX_E_INVALID_VM_STATE (0x80bb0002) aIID={300763af-5d6b-46e6-aa96-273eac15538a} aComponent={MachineWrap} aText={The machine is not mutable (state is PoweredOff)}, preserve=false aResultDetail=0
00:00:46.961904 nspr-3   WARNING [COM]: aRC=NS_ERROR_FAILURE (0x80004005) aIID={e54f6256-97a7-4947-8a78-10c013ddf4b8} aComponent={HostWrap} aText={VirtualBox is not currently allowed to access USB devices.  You can change this by adding your user to the 'vboxusers' group.  Please see the user manual for a more detailed explanation}, preserve=true aResultDetail=0
00:00:46.963148 nspr-3   WARNING [COM]: aRC=NS_ERROR_FAILURE (0x80004005) aIID={e54f6256-97a7-4947-8a78-10c013ddf4b8} aComponent={HostWrap} aText={VirtualBox is not currently allowed to access USB devices.  You can change this by adding your user to the 'vboxusers' group.  Please see the user manual for a more detailed explanation}, preserve=true aResultDetail=0
00:00:47.126244 nspr-4   Saving settings file "/home/thegassyninja/.config/VirtualBox/VirtualBox.xml" with version "1.12-linux"
00:00:47.155824 nspr-4   Finished saving settings file "/home/thegassyninja/.config/VirtualBox/VirtualBox.xml"
00:01:01.220851 TakeSnap Taking snapshot Linked Base for Arch-base and Arch-base Clone
00:01:01.221044 TakeSnap Saving settings file "/home/thegassyninja/VirtualBox VMs/Arch-base/Arch-base.vbox" with version "1.19-linux"
00:01:01.228294 TakeSnap Finished saving settings file "/home/thegassyninja/VirtualBox VMs/Arch-base/Arch-base.vbox"
00:01:01.229328 TakeSnap Saving settings file "/home/thegassyninja/VirtualBox VMs/Arch-base/Arch-base.vbox" with version "1.19-linux"
00:01:01.234400 TakeSnap Finished saving settings file "/home/thegassyninja/VirtualBox VMs/Arch-base/Arch-base.vbox"
00:01:01.234768 TakeSnap Saving settings file "/home/thegassyninja/VirtualBox VMs/Arch-base/Arch-base.vbox" with version "1.19-linux"
00:01:01.238961 TakeSnap Finished saving settings file "/home/thegassyninja/VirtualBox VMs/Arch-base/Arch-base.vbox"
00:01:01.239039 TakeSnap Saving settings file "/home/thegassyninja/VirtualBox VMs/Arch-base/Arch-base.vbox" with version "1.19-linux"
00:01:01.243881 TakeSnap Finished saving settings file "/home/thegassyninja/VirtualBox VMs/Arch-base/Arch-base.vbox"
00:01:01.243927 TakeSnap Finished taking snapshot Linked Base for Arch-base and Arch-base Clone
00:01:01.282763 nspr-4   WARNING [COM]: aRC=NS_ERROR_FAILURE (0x80004005) aIID={e54f6256-97a7-4947-8a78-10c013ddf4b8} aComponent={HostWrap} aText={VirtualBox is not currently allowed to access USB devices.  You can change this by adding your user to the 'vboxusers' group.  Please see the user manual for a more detailed explanation}, preserve=true aResultDetail=0
00:01:01.328719 MachineClone Saving settings file "/home/thegassyninja/VirtualBox VMs/Arch-base Clone/Arch-base Clone.vbox" with version "1.19-linux"
00:01:01.333489 MachineClone Finished saving settings file "/home/thegassyninja/VirtualBox VMs/Arch-base Clone/Arch-base Clone.vbox"
00:01:01.333853 MachineClone Saving settings file "/home/thegassyninja/VirtualBox VMs/Arch-base/Arch-base.vbox" with version "1.19-linux"
00:01:01.339206 MachineClone Finished saving settings file "/home/thegassyninja/VirtualBox VMs/Arch-base/Arch-base.vbox"
00:01:01.339466 MachineClone Saving settings file "/home/thegassyninja/.config/VirtualBox/VirtualBox.xml" with version "1.12-linux"
00:01:01.344060 MachineClone Finished saving settings file "/home/thegassyninja/.config/VirtualBox/VirtualBox.xml"
00:01:01.360141 nspr-5   ERROR [COM]: aRC=VBOX_E_OBJECT_NOT_FOUND (0x80bb0001) aIID={7682d5eb-f00e-44f1-8ca2-99d08b1cd607} aComponent={VirtualBoxWrap} aText={Could not find a registered machine with UUID {bca032c1-e697-4d9a-93aa-4a328441f8b4}}, preserve=false aResultDetail=0
00:01:01.362077 nspr-3   Saving settings file "/home/thegassyninja/.config/VirtualBox/VirtualBox.xml" with version "1.12-linux"
00:01:01.366475 nspr-3   Finished saving settings file "/home/thegassyninja/.config/VirtualBox/VirtualBox.xml"
00:01:01.389155 nspr-3   Saving settings file "/home/thegassyninja/.config/VirtualBox/VirtualBox.xml" with version "1.12-linux"
00:01:01.393569 nspr-3   Finished saving settings file "/home/thegassyninja/.config/VirtualBox/VirtualBox.xml"
00:01:01.422855 nspr-4   WARNING [COM]: aRC=NS_ERROR_FAILURE (0x80004005) aIID={e54f6256-97a7-4947-8a78-10c013ddf4b8} aComponent={HostWrap} aText={VirtualBox is not currently allowed to access USB devices.  You can change this by adding your user to the 'vboxusers' group.  Please see the user manual for a more detailed explanation}, preserve=true aResultDetail=0
00:01:01.440242 nspr-4   ERROR [COM]: aRC=VBOX_E_INVALID_VM_STATE (0x80bb0002) aIID={300763af-5d6b-46e6-aa96-273eac15538a} aComponent={MachineWrap} aText={The machine is not mutable (state is PoweredOff)}, preserve=false aResultDetail=0
00:01:01.456050 nspr-4   WARNING [COM]: aRC=NS_ERROR_FAILURE (0x80004005) aIID={e54f6256-97a7-4947-8a78-10c013ddf4b8} aComponent={HostWrap} aText={VirtualBox is not currently allowed to access USB devices.  You can change this by adding your user to the 'vboxusers' group.  Please see the user manual for a more detailed explanation}, preserve=true aResultDetail=0
00:01:01.456990 nspr-4   WARNING [COM]: aRC=NS_ERROR_FAILURE (0x80004005) aIID={e54f6256-97a7-4947-8a78-10c013ddf4b8} aComponent={HostWrap} aText={VirtualBox is not currently allowed to access USB devices.  You can change this by adding your user to the 'vboxusers' group.  Please see the user manual for a more detailed explanation}, preserve=true aResultDetail=0
00:01:05.426587 nspr-4   Launched VM: 3825214064 pid: 2965074 (0x2d3e52) frontend: GUI/Qt name: Arch-base Clone
00:01:05.452397 nspr-4   ERROR [COM]: aRC=VBOX_E_INVALID_VM_STATE (0x80bb0002) aIID={300763af-5d6b-46e6-aa96-273eac15538a} aComponent={MachineWrap} aText={The machine is not mutable (state is PoweredOff)}, preserve=false aResultDetail=0
00:01:05.479973 nspr-4   WARNING [COM]: aRC=NS_ERROR_FAILURE (0x80004005) aIID={e54f6256-97a7-4947-8a78-10c013ddf4b8} aComponent={HostWrap} aText={VirtualBox is not currently allowed to access USB devices.  You can change this by adding your user to the 'vboxusers' group.  Please see the user manual for a more detailed explanation}, preserve=true aResultDetail=0
00:01:05.481416 nspr-4   WARNING [COM]: aRC=NS_ERROR_FAILURE (0x80004005) aIID={e54f6256-97a7-4947-8a78-10c013ddf4b8} aComponent={HostWrap} aText={VirtualBox is not currently allowed to access USB devices.  You can change this by adding your user to the 'vboxusers' group.  Please see the user manual for a more detailed explanation}, preserve=true aResultDetail=0
00:01:05.708694 nspr-7   ERROR [COM]: aRC=VBOX_E_INVALID_VM_STATE (0x80bb0002) aIID={300763af-5d6b-46e6-aa96-273eac15538a} aComponent={MachineWrap} aText={The machine is not mutable (state is PoweredOff)}, preserve=false aResultDetail=0
00:01:05.727198 nspr-6   WARNING [COM]: aRC=NS_ERROR_FAILURE (0x80004005) aIID={e54f6256-97a7-4947-8a78-10c013ddf4b8} aComponent={HostWrap} aText={VirtualBox is not currently allowed to access USB devices.  You can change this by adding your user to the 'vboxusers' group.  Please see the user manual for a more detailed explanation}, preserve=true aResultDetail=0
00:01:05.728397 nspr-6   WARNING [COM]: aRC=NS_ERROR_FAILURE (0x80004005) aIID={e54f6256-97a7-4947-8a78-10c013ddf4b8} aComponent={HostWrap} aText={VirtualBox is not currently allowed to access USB devices.  You can change this by adding your user to the 'vboxusers' group.  Please see the user manual for a more detailed explanation}, preserve=true aResultDetail=0
00:01:05.925612 nspr-6   Saving settings file "/home/thegassyninja/.config/VirtualBox/VirtualBox.xml" with version "1.12-linux"
00:01:05.932975 nspr-6   Finished saving settings file "/home/thegassyninja/.config/VirtualBox/VirtualBox.xml"
00:01:06.321243 nspr-2   WARNING [COM]: aRC=NS_ERROR_FAILURE (0x80004005) aIID={e54f6256-97a7-4947-8a78-10c013ddf4b8} aComponent={HostWrap} aText={VirtualBox is not currently allowed to access USB devices.  You can change this by adding your user to the 'vboxusers' group.  Please see the user manual for a more detailed explanation}, preserve=true aResultDetail=0
00:01:06.322025 nspr-8   WARNING [COM]: aRC=NS_ERROR_FAILURE (0x80004005) aIID={e54f6256-97a7-4947-8a78-10c013ddf4b8} aComponent={HostWrap} aText={VirtualBox is not currently allowed to access USB devices.  You can change this by adding your user to the 'vboxusers' group.  Please see the user manual for a more detailed explanation}, preserve=true aResultDetail=0
00:01:06.322375 nspr-2   ERROR [COM]: aRC=VBOX_E_OBJECT_NOT_FOUND (0x80bb0001) aIID={70401eef-c8e9-466b-9660-45cb3e9979e4} aComponent={ExtPackManagerWrap} aText={No extension pack by the name 'Oracle VM VirtualBox Extension Pack' was found}, preserve=false aResultDetail=0
00:01:06.696459 nspr-5   Saving settings file "/home/thegassyninja/.config/VirtualBox/VirtualBox.xml" with version "1.12-linux"
00:01:06.726636 nspr-5   Finished saving settings file "/home/thegassyninja/.config/VirtualBox/VirtualBox.xml"
00:01:10.289116 nspr-3   ERROR [COM]: aRC=VBOX_E_IPRT_ERROR (0x80bb0005) aIID={300763af-5d6b-46e6-aa96-273eac15538a} aComponent={SessionMachine} aText={Saved screenshot data is not available (VERR_NOT_SUPPORTED)}, preserve=false aResultDetail=-37
00:01:10.321678 nspr-3   WARNING [COM]: aRC=NS_ERROR_FAILURE (0x80004005) aIID={e54f6256-97a7-4947-8a78-10c013ddf4b8} aComponent={HostWrap} aText={VirtualBox is not currently allowed to access USB devices.  You can change this by adding your user to the 'vboxusers' group.  Please see the user manual for a more detailed explanation}, preserve=false aResultDetail=0
00:01:10.322700 nspr-2   WARNING [COM]: aRC=NS_ERROR_FAILURE (0x80004005) aIID={e54f6256-97a7-4947-8a78-10c013ddf4b8} aComponent={HostWrap} aText={VirtualBox is not currently allowed to access USB devices.  You can change this by adding your user to the 'vboxusers' group.  Please see the user manual for a more detailed explanation}, preserve=true aResultDetail=0
00:01:10.322973 nspr-3   WARNING [COM]: aRC=NS_ERROR_FAILURE (0x80004005) aIID={e54f6256-97a7-4947-8a78-10c013ddf4b8} aComponent={HostWrap} aText={VirtualBox is not currently allowed to access USB devices.  You can change this by adding your user to the 'vboxusers' group.  Please see the user manual for a more detailed explanation}, preserve=true aResultDetail=0
00:01:10.384190 nspr-8   WARNING [COM]: aRC=NS_ERROR_FAILURE (0x80004005) aIID={e54f6256-97a7-4947-8a78-10c013ddf4b8} aComponent={HostWrap} aText={VirtualBox is not currently allowed to access USB devices.  You can change this by adding your user to the 'vboxusers' group.  Please see the user manual for a more detailed explanation}, preserve=true aResultDetail=0
00:01:10.423036 nspr-2   WARNING [COM]: aRC=NS_ERROR_FAILURE (0x80004005) aIID={e54f6256-97a7-4947-8a78-10c013ddf4b8} aComponent={HostWrap} aText={VirtualBox is not currently allowed to access USB devices.  You can change this by adding your user to the 'vboxusers' group.  Please see the user manual for a more detailed explanation}, preserve=true aResultDetail=0
00:01:10.439658 nspr-8   ERROR [COM]: aRC=VBOX_E_INVALID_VM_STATE (0x80bb0002) aIID={300763af-5d6b-46e6-aa96-273eac15538a} aComponent={MachineWrap} aText={The machine is not mutable (state is Starting)}, preserve=false aResultDetail=0
00:01:10.468257 nspr-8   WARNING [COM]: aRC=NS_ERROR_FAILURE (0x80004005) aIID={e54f6256-97a7-4947-8a78-10c013ddf4b8} aComponent={HostWrap} aText={VirtualBox is not currently allowed to access USB devices.  You can change this by adding your user to the 'vboxusers' group.  Please see the user manual for a more detailed explanation}, preserve=true aResultDetail=0
00:01:10.469461 nspr-8   WARNING [COM]: aRC=NS_ERROR_FAILURE (0x80004005) aIID={e54f6256-97a7-4947-8a78-10c013ddf4b8} aComponent={HostWrap} aText={VirtualBox is not currently allowed to access USB devices.  You can change this by adding your user to the 'vboxusers' group.  Please see the user manual for a more detailed explanation}, preserve=true aResultDetail=0
00:01:10.574643 nspr-2   ERROR [COM]: aRC=VBOX_E_OBJECT_NOT_FOUND (0x80bb0001) aIID={ad47ad09-787b-44ab-b343-a082a3f2dfb1} aComponent={MediumWrap} aText={Property 'CRYPT/KeyId' does not exist}, preserve=false aResultDetail=0
00:01:10.613712 nspr-3   WARNING [COM]: aRC=NS_ERROR_FAILURE (0x80004005) aIID={e54f6256-97a7-4947-8a78-10c013ddf4b8} aComponent={HostWrap} aText={VirtualBox is not currently allowed to access USB devices.  You can change this by adding your user to the 'vboxusers' group.  Please see the user manual for a more detailed explanation}, preserve=true aResultDetail=0
00:01:10.624959 nspr-3   Saving settings file "/home/thegassyninja/.config/VirtualBox/VirtualBox.xml" with version "1.12-linux"
00:01:10.629479 nspr-3   Finished saving settings file "/home/thegassyninja/.config/VirtualBox/VirtualBox.xml"
00:01:10.634707 nspr-5   ERROR [COM]: aRC=VBOX_E_INVALID_VM_STATE (0x80bb0002) aIID={300763af-5d6b-46e6-aa96-273eac15538a} aComponent={MachineWrap} aText={The machine is not mutable (state is Running)}, preserve=false aResultDetail=0
00:01:10.674921 nspr-3   WARNING [COM]: aRC=NS_ERROR_FAILURE (0x80004005) aIID={e54f6256-97a7-4947-8a78-10c013ddf4b8} aComponent={HostWrap} aText={VirtualBox is not currently allowed to access USB devices.  You can change this by adding your user to the 'vboxusers' group.  Please see the user manual for a more detailed explanation}, preserve=true aResultDetail=0
00:01:10.675947 nspr-6   WARNING [COM]: aRC=NS_ERROR_FAILURE (0x80004005) aIID={e54f6256-97a7-4947-8a78-10c013ddf4b8} aComponent={HostWrap} aText={VirtualBox is not currently allowed to access USB devices.  You can change this by adding your user to the 'vboxusers' group.  Please see the user manual for a more detailed explanation}, preserve=true aResultDetail=0
00:01:10.795302 nspr-3   Saving settings file "/home/thegassyninja/VirtualBox VMs/Arch-base Clone/Arch-base Clone.vbox" with version "1.19-linux"
00:01:10.802150 nspr-3   Finished saving settings file "/home/thegassyninja/VirtualBox VMs/Arch-base Clone/Arch-base Clone.vbox"
00:01:10.819022 nspr-8   ERROR [COM]: aRC=VBOX_E_INVALID_VM_STATE (0x80bb0002) aIID={300763af-5d6b-46e6-aa96-273eac15538a} aComponent={MachineWrap} aText={The machine is not mutable (state is Running)}, preserve=false aResultDetail=0
00:01:10.839699 nspr-5   WARNING [COM]: aRC=NS_ERROR_FAILURE (0x80004005) aIID={e54f6256-97a7-4947-8a78-10c013ddf4b8} aComponent={HostWrap} aText={VirtualBox is not currently allowed to access USB devices.  You can change this by adding your user to the 'vboxusers' group.  Please see the user manual for a more detailed explanation}, preserve=true aResultDetail=0
00:01:10.840598 nspr-2   WARNING [COM]: aRC=NS_ERROR_FAILURE (0x80004005) aIID={e54f6256-97a7-4947-8a78-10c013ddf4b8} aComponent={HostWrap} aText={VirtualBox is not currently allowed to access USB devices.  You can change this by adding your user to the 'vboxusers' group.  Please see the user manual for a more detailed explanation}, preserve=true aResultDetail=0
00:01:15.225129 nspr-8   Saving settings file "/home/thegassyninja/.config/VirtualBox/VirtualBox.xml" with version "1.12-linux"
00:01:15.232542 nspr-8   Finished saving settings file "/home/thegassyninja/.config/VirtualBox/VirtualBox.xml"
00:01:18.444733 nspr-3   Saving settings file "/home/thegassyninja/.config/VirtualBox/VirtualBox.xml" with version "1.12-linux"
00:01:18.450225 nspr-3   Finished saving settings file "/home/thegassyninja/.config/VirtualBox/VirtualBox.xml"
00:01:18.528605 nspr-5   Saving settings file "/home/thegassyninja/VirtualBox VMs/Arch-base Clone/Arch-base Clone.vbox" with version "1.19-linux"
00:01:18.533885 nspr-5   Finished saving settings file "/home/thegassyninja/VirtualBox VMs/Arch-base Clone/Arch-base Clone.vbox"
00:01:18.553420 nspr-3   ERROR [COM]: aRC=VBOX_E_INVALID_VM_STATE (0x80bb0002) aIID={300763af-5d6b-46e6-aa96-273eac15538a} aComponent={MachineWrap} aText={The machine is not mutable (state is Running)}, preserve=false aResultDetail=0
00:01:18.579498 nspr-6   WARNING [COM]: aRC=NS_ERROR_FAILURE (0x80004005) aIID={e54f6256-97a7-4947-8a78-10c013ddf4b8} aComponent={HostWrap} aText={VirtualBox is not currently allowed to access USB devices.  You can change this by adding your user to the 'vboxusers' group.  Please see the user manual for a more detailed explanation}, preserve=true aResultDetail=0
00:01:18.580756 nspr-2   WARNING [COM]: aRC=NS_ERROR_FAILURE (0x80004005) aIID={e54f6256-97a7-4947-8a78-10c013ddf4b8} aComponent={HostWrap} aText={VirtualBox is not currently allowed to access USB devices.  You can change this by adding your user to the 'vboxusers' group.  Please see the user manual for a more detailed explanation}, preserve=true aResultDetail=0
00:11:28.433640 nspr-4   Saving settings file "/home/thegassyninja/VirtualBox VMs/Arch-base Clone/Arch-base Clone.vbox" with version "1.19-linux"
00:11:28.455083 nspr-4   Finished saving settings file "/home/thegassyninja/VirtualBox VMs/Arch-base Clone/Arch-base Clone.vbox"
00:11:28.482072 nspr-5   ERROR [COM]: aRC=VBOX_E_INVALID_VM_STATE (0x80bb0002) aIID={300763af-5d6b-46e6-aa96-273eac15538a} aComponent={MachineWrap} aText={The machine is not mutable (state is Running)}, preserve=false aResultDetail=0
00:11:28.514425 nspr-5   WARNING [COM]: aRC=NS_ERROR_FAILURE (0x80004005) aIID={e54f6256-97a7-4947-8a78-10c013ddf4b8} aComponent={HostWrap} aText={VirtualBox is not currently allowed to access USB devices.  You can change this by adding your user to the 'vboxusers' group.  Please see the user manual for a more detailed explanation}, preserve=true aResultDetail=0
00:11:28.516390 nspr-4   WARNING [COM]: aRC=NS_ERROR_FAILURE (0x80004005) aIID={e54f6256-97a7-4947-8a78-10c013ddf4b8} aComponent={HostWrap} aText={VirtualBox is not currently allowed to access USB devices.  You can change this by adding your user to the 'vboxusers' group.  Please see the user manual for a more detailed explanation}, preserve=true aResultDetail=0
02:33:43.140928 nspr-8   Saving settings file "/home/thegassyninja/VirtualBox VMs/Arch-base Clone/Arch-base Clone.vbox" with version "1.19-linux"
02:33:43.148458 nspr-8   Finished saving settings file "/home/thegassyninja/VirtualBox VMs/Arch-base Clone/Arch-base Clone.vbox"
02:33:43.174737 nspr-2   ERROR [COM]: aRC=VBOX_E_INVALID_VM_STATE (0x80bb0002) aIID={300763af-5d6b-46e6-aa96-273eac15538a} aComponent={MachineWrap} aText={The machine is not mutable (state is Running)}, preserve=false aResultDetail=0
02:33:43.198831 nspr-2   WARNING [COM]: aRC=NS_ERROR_FAILURE (0x80004005) aIID={e54f6256-97a7-4947-8a78-10c013ddf4b8} aComponent={HostWrap} aText={VirtualBox is not currently allowed to access USB devices.  You can change this by adding your user to the 'vboxusers' group.  Please see the user manual for a more detailed explanation}, preserve=true aResultDetail=0
02:33:43.199893 nspr-6   WARNING [COM]: aRC=NS_ERROR_FAILURE (0x80004005) aIID={e54f6256-97a7-4947-8a78-10c013ddf4b8} aComponent={HostWrap} aText={VirtualBox is not currently allowed to access USB devices.  You can change this by adding your user to the 'vboxusers' group.  Please see the user manual for a more detailed explanation}, preserve=true aResultDetail=0
02:38:52.231349 nspr-7   Saving settings file "/home/thegassyninja/VirtualBox VMs/Arch-base Clone/Arch-base Clone.vbox" with version "1.19-linux"
02:38:52.240174 nspr-7   Finished saving settings file "/home/thegassyninja/VirtualBox VMs/Arch-base Clone/Arch-base Clone.vbox"
02:38:52.271319 nspr-6   ERROR [COM]: aRC=VBOX_E_INVALID_VM_STATE (0x80bb0002) aIID={300763af-5d6b-46e6-aa96-273eac15538a} aComponent={MachineWrap} aText={The machine is not mutable (state is Running)}, preserve=false aResultDetail=0
02:38:52.294599 nspr-4   WARNING [COM]: aRC=NS_ERROR_FAILURE (0x80004005) aIID={e54f6256-97a7-4947-8a78-10c013ddf4b8} aComponent={HostWrap} aText={VirtualBox is not currently allowed to access USB devices.  You can change this by adding your user to the 'vboxusers' group.  Please see the user manual for a more detailed explanation}, preserve=true aResultDetail=0
02:38:52.296133 nspr-6   WARNING [COM]: aRC=NS_ERROR_FAILURE (0x80004005) aIID={e54f6256-97a7-4947-8a78-10c013ddf4b8} aComponent={HostWrap} aText={VirtualBox is not currently allowed to access USB devices.  You can change this by adding your user to the 'vboxusers' group.  Please see the user manual for a more detailed explanation}, preserve=true aResultDetail=0
02:41:46.528662 nspr-7   Saving settings file "/home/thegassyninja/VirtualBox VMs/Arch-base Clone/Arch-base Clone.vbox" with version "1.19-linux"
02:41:46.553689 nspr-7   Finished saving settings file "/home/thegassyninja/VirtualBox VMs/Arch-base Clone/Arch-base Clone.vbox"
02:41:46.580701 nspr-6   ERROR [COM]: aRC=VBOX_E_INVALID_VM_STATE (0x80bb0002) aIID={300763af-5d6b-46e6-aa96-273eac15538a} aComponent={MachineWrap} aText={The machine is not mutable (state is Running)}, preserve=false aResultDetail=0
02:41:46.611873 nspr-6   WARNING [COM]: aRC=NS_ERROR_FAILURE (0x80004005) aIID={e54f6256-97a7-4947-8a78-10c013ddf4b8} aComponent={HostWrap} aText={VirtualBox is not currently allowed to access USB devices.  You can change this by adding your user to the 'vboxusers' group.  Please see the user manual for a more detailed explanation}, preserve=true aResultDetail=0
02:41:46.613156 nspr-8   WARNING [COM]: aRC=NS_ERROR_FAILURE (0x80004005) aIID={e54f6256-97a7-4947-8a78-10c013ddf4b8} aComponent={HostWrap} aText={VirtualBox is not currently allowed to access USB devices.  You can change this by adding your user to the 'vboxusers' group.  Please see the user manual for a more detailed explanation}, preserve=true aResultDetail=0
03:06:21.827433 nspr-2   Saving settings file "/home/thegassyninja/VirtualBox VMs/Arch-base Clone/Arch-base Clone.vbox" with version "1.19-linux"
03:06:21.834984 nspr-2   Finished saving settings file "/home/thegassyninja/VirtualBox VMs/Arch-base Clone/Arch-base Clone.vbox"
03:06:21.847387 nspr-6   ERROR [COM]: aRC=VBOX_E_INVALID_VM_STATE (0x80bb0002) aIID={300763af-5d6b-46e6-aa96-273eac15538a} aComponent={MachineWrap} aText={The machine is not mutable (state is Running)}, preserve=false aResultDetail=0
03:06:21.864122 nspr-2   WARNING [COM]: aRC=NS_ERROR_FAILURE (0x80004005) aIID={e54f6256-97a7-4947-8a78-10c013ddf4b8} aComponent={HostWrap} aText={VirtualBox is not currently allowed to access USB devices.  You can change this by adding your user to the 'vboxusers' group.  Please see the user manual for a more detailed explanation}, preserve=true aResultDetail=0
03:06:21.865067 nspr-5   WARNING [COM]: aRC=NS_ERROR_FAILURE (0x80004005) aIID={e54f6256-97a7-4947-8a78-10c013ddf4b8} aComponent={HostWrap} aText={VirtualBox is not currently allowed to access USB devices.  You can change this by adding your user to the 'vboxusers' group.  Please see the user manual for a more detailed explanation}, preserve=true aResultDetail=0
03:06:28.111335 nspr-2   Saving settings file "/home/thegassyninja/VirtualBox VMs/Arch-base Clone/Arch-base Clone.vbox" with version "1.19-linux"
03:06:28.138810 nspr-2   Finished saving settings file "/home/thegassyninja/VirtualBox VMs/Arch-base Clone/Arch-base Clone.vbox"
03:06:28.150603 nspr-6   ERROR [COM]: aRC=VBOX_E_INVALID_VM_STATE (0x80bb0002) aIID={300763af-5d6b-46e6-aa96-273eac15538a} aComponent={MachineWrap} aText={The machine is not mutable (state is Running)}, preserve=false aResultDetail=0
03:06:28.167236 nspr-6   WARNING [COM]: aRC=NS_ERROR_FAILURE (0x80004005) aIID={e54f6256-97a7-4947-8a78-10c013ddf4b8} aComponent={HostWrap} aText={VirtualBox is not currently allowed to access USB devices.  You can change this by adding your user to the 'vboxusers' group.  Please see the user manual for a more detailed explanation}, preserve=true aResultDetail=0
03:06:28.168148 nspr-2   WARNING [COM]: aRC=NS_ERROR_FAILURE (0x80004005) aIID={e54f6256-97a7-4947-8a78-10c013ddf4b8} aComponent={HostWrap} aText={VirtualBox is not currently allowed to access USB devices.  You can change this by adding your user to the 'vboxusers' group.  Please see the user manual for a more detailed explanation}, preserve=true aResultDetail=0
03:06:32.919509 nspr-2   Saving settings file "/home/thegassyninja/VirtualBox VMs/Arch-base Clone/Arch-base Clone.vbox" with version "1.19-linux"
03:06:32.926312 nspr-2   Finished saving settings file "/home/thegassyninja/VirtualBox VMs/Arch-base Clone/Arch-base Clone.vbox"
03:06:32.943312 nspr-4   ERROR [COM]: aRC=VBOX_E_INVALID_VM_STATE (0x80bb0002) aIID={300763af-5d6b-46e6-aa96-273eac15538a} aComponent={MachineWrap} aText={The machine is not mutable (state is Running)}, preserve=false aResultDetail=0
03:06:32.958386 nspr-8   WARNING [COM]: aRC=NS_ERROR_FAILURE (0x80004005) aIID={e54f6256-97a7-4947-8a78-10c013ddf4b8} aComponent={HostWrap} aText={VirtualBox is not currently allowed to access USB devices.  You can change this by adding your user to the 'vboxusers' group.  Please see the user manual for a more detailed explanation}, preserve=true aResultDetail=0
03:06:32.959258 nspr-6   WARNING [COM]: aRC=NS_ERROR_FAILURE (0x80004005) aIID={e54f6256-97a7-4947-8a78-10c013ddf4b8} aComponent={HostWrap} aText={VirtualBox is not currently allowed to access USB devices.  You can change this by adding your user to the 'vboxusers' group.  Please see the user manual for a more detailed explanation}, preserve=true aResultDetail=0
03:20:51.307846 nspr-4   Saving settings file "/home/thegassyninja/VirtualBox VMs/Arch-base Clone/Arch-base Clone.vbox" with version "1.19-linux"
03:20:51.314688 nspr-4   Finished saving settings file "/home/thegassyninja/VirtualBox VMs/Arch-base Clone/Arch-base Clone.vbox"
03:20:51.335404 nspr-8   ERROR [COM]: aRC=VBOX_E_INVALID_VM_STATE (0x80bb0002) aIID={300763af-5d6b-46e6-aa96-273eac15538a} aComponent={MachineWrap} aText={The machine is not mutable (state is Running)}, preserve=false aResultDetail=0
03:20:51.374685 nspr-6   WARNING [COM]: aRC=NS_ERROR_FAILURE (0x80004005) aIID={e54f6256-97a7-4947-8a78-10c013ddf4b8} aComponent={HostWrap} aText={VirtualBox is not currently allowed to access USB devices.  You can change this by adding your user to the 'vboxusers' group.  Please see the user manual for a more detailed explanation}, preserve=true aResultDetail=0
03:20:51.376355 nspr-2   WARNING [COM]: aRC=NS_ERROR_FAILURE (0x80004005) aIID={e54f6256-97a7-4947-8a78-10c013ddf4b8} aComponent={HostWrap} aText={VirtualBox is not currently allowed to access USB devices.  You can change this by adding your user to the 'vboxusers' group.  Please see the user manual for a more detailed explanation}, preserve=true aResultDetail=0
03:20:52.948843 nspr-3   Saving settings file "/home/thegassyninja/VirtualBox VMs/Arch-base Clone/Arch-base Clone.vbox" with version "1.19-linux"
03:20:52.954985 nspr-3   Finished saving settings file "/home/thegassyninja/VirtualBox VMs/Arch-base Clone/Arch-base Clone.vbox"
03:20:52.965278 nspr-2   ERROR [COM]: aRC=VBOX_E_INVALID_VM_STATE (0x80bb0002) aIID={300763af-5d6b-46e6-aa96-273eac15538a} aComponent={MachineWrap} aText={The machine is not mutable (state is Running)}, preserve=false aResultDetail=0
03:20:52.986203 nspr-4   WARNING [COM]: aRC=NS_ERROR_FAILURE (0x80004005) aIID={e54f6256-97a7-4947-8a78-10c013ddf4b8} aComponent={HostWrap} aText={VirtualBox is not currently allowed to access USB devices.  You can change this by adding your user to the 'vboxusers' group.  Please see the user manual for a more detailed explanation}, preserve=true aResultDetail=0
03:20:52.987074 nspr-2   WARNING [COM]: aRC=NS_ERROR_FAILURE (0x80004005) aIID={e54f6256-97a7-4947-8a78-10c013ddf4b8} aComponent={HostWrap} aText={VirtualBox is not currently allowed to access USB devices.  You can change this by adding your user to the 'vboxusers' group.  Please see the user manual for a more detailed explanation}, preserve=true aResultDetail=0
03:25:38.728972 nspr-5   Saving settings file "/home/thegassyninja/VirtualBox VMs/Arch-base Clone/Arch-base Clone.vbox" with version "1.19-linux"
03:25:38.736799 nspr-5   Finished saving settings file "/home/thegassyninja/VirtualBox VMs/Arch-base Clone/Arch-base Clone.vbox"
03:25:38.757278 nspr-7   ERROR [COM]: aRC=VBOX_E_INVALID_VM_STATE (0x80bb0002) aIID={300763af-5d6b-46e6-aa96-273eac15538a} aComponent={MachineWrap} aText={The machine is not mutable (state is Running)}, preserve=false aResultDetail=0
03:25:38.793904 nspr-4   WARNING [COM]: aRC=NS_ERROR_FAILURE (0x80004005) aIID={e54f6256-97a7-4947-8a78-10c013ddf4b8} aComponent={HostWrap} aText={VirtualBox is not currently allowed to access USB devices.  You can change this by adding your user to the 'vboxusers' group.  Please see the user manual for a more detailed explanation}, preserve=true aResultDetail=0
03:25:38.795918 nspr-2   WARNING [COM]: aRC=NS_ERROR_FAILURE (0x80004005) aIID={e54f6256-97a7-4947-8a78-10c013ddf4b8} aComponent={HostWrap} aText={VirtualBox is not currently allowed to access USB devices.  You can change this by adding your user to the 'vboxusers' group.  Please see the user manual for a more detailed explanation}, preserve=true aResultDetail=0
03:35:20.138108 nspr-8   Saving settings file "/home/thegassyninja/VirtualBox VMs/Arch-base Clone/Arch-base Clone.vbox" with version "1.19-linux"
03:35:20.147467 nspr-8   Finished saving settings file "/home/thegassyninja/VirtualBox VMs/Arch-base Clone/Arch-base Clone.vbox"
03:35:20.176156 nspr-8   ERROR [COM]: aRC=VBOX_E_INVALID_VM_STATE (0x80bb0002) aIID={300763af-5d6b-46e6-aa96-273eac15538a} aComponent={MachineWrap} aText={The machine is not mutable (state is Running)}, preserve=false aResultDetail=0
03:35:20.216905 nspr-5   WARNING [COM]: aRC=NS_ERROR_FAILURE (0x80004005) aIID={e54f6256-97a7-4947-8a78-10c013ddf4b8} aComponent={HostWrap} aText={VirtualBox is not currently allowed to access USB devices.  You can change this by adding your user to the 'vboxusers' group.  Please see the user manual for a more detailed explanation}, preserve=true aResultDetail=0
03:35:20.218061 nspr-4   WARNING [COM]: aRC=NS_ERROR_FAILURE (0x80004005) aIID={e54f6256-97a7-4947-8a78-10c013ddf4b8} aComponent={HostWrap} aText={VirtualBox is not currently allowed to access USB devices.  You can change this by adding your user to the 'vboxusers' group.  Please see the user manual for a more detailed explanation}, preserve=true aResultDetail=0
03:36:33.530133 nspr-8   Saving settings file "/home/thegassyninja/VirtualBox VMs/Arch-base Clone/Arch-base Clone.vbox" with version "1.19-linux"
03:36:33.557895 nspr-8   Finished saving settings file "/home/thegassyninja/VirtualBox VMs/Arch-base Clone/Arch-base Clone.vbox"
03:36:33.580506 nspr-3   ERROR [COM]: aRC=VBOX_E_INVALID_VM_STATE (0x80bb0002) aIID={300763af-5d6b-46e6-aa96-273eac15538a} aComponent={MachineWrap} aText={The machine is not mutable (state is Running)}, preserve=false aResultDetail=0
03:36:33.620080 nspr-2   WARNING [COM]: aRC=NS_ERROR_FAILURE (0x80004005) aIID={e54f6256-97a7-4947-8a78-10c013ddf4b8} aComponent={HostWrap} aText={VirtualBox is not currently allowed to access USB devices.  You can change this by adding your user to the 'vboxusers' group.  Please see the user manual for a more detailed explanation}, preserve=true aResultDetail=0
03:36:33.622336 nspr-8   WARNING [COM]: aRC=NS_ERROR_FAILURE (0x80004005) aIID={e54f6256-97a7-4947-8a78-10c013ddf4b8} aComponent={HostWrap} aText={VirtualBox is not currently allowed to access USB devices.  You can change this by adding your user to the 'vboxusers' group.  Please see the user manual for a more detailed explanation}, preserve=true aResultDetail=0
03:45:07.306244 nspr-2   Saving settings file "/home/thegassyninja/VirtualBox VMs/Arch-base Clone/Arch-base Clone.vbox" with version "1.19-linux"
03:45:07.313818 nspr-2   Finished saving settings file "/home/thegassyninja/VirtualBox VMs/Arch-base Clone/Arch-base Clone.vbox"
03:45:07.338545 nspr-8   ERROR [COM]: aRC=VBOX_E_INVALID_VM_STATE (0x80bb0002) aIID={300763af-5d6b-46e6-aa96-273eac15538a} aComponent={MachineWrap} aText={The machine is not mutable (state is Running)}, preserve=false aResultDetail=0
03:45:07.372319 nspr-6   WARNING [COM]: aRC=NS_ERROR_FAILURE (0x80004005) aIID={e54f6256-97a7-4947-8a78-10c013ddf4b8} aComponent={HostWrap} aText={VirtualBox is not currently allowed to access USB devices.  You can change this by adding your user to the 'vboxusers' group.  Please see the user manual for a more detailed explanation}, preserve=true aResultDetail=0
03:45:07.373685 nspr-2   WARNING [COM]: aRC=NS_ERROR_FAILURE (0x80004005) aIID={e54f6256-97a7-4947-8a78-10c013ddf4b8} aComponent={HostWrap} aText={VirtualBox is not currently allowed to access USB devices.  You can change this by adding your user to the 'vboxusers' group.  Please see the user manual for a more detailed explanation}, preserve=true aResultDetail=0
03:45:55.307803 nspr-6   Saving settings file "/home/thegassyninja/VirtualBox VMs/Arch-base Clone/Arch-base Clone.vbox" with version "1.19-linux"
03:45:55.332090 nspr-6   Finished saving settings file "/home/thegassyninja/VirtualBox VMs/Arch-base Clone/Arch-base Clone.vbox"
03:45:55.354749 nspr-8   ERROR [COM]: aRC=VBOX_E_INVALID_VM_STATE (0x80bb0002) aIID={300763af-5d6b-46e6-aa96-273eac15538a} aComponent={MachineWrap} aText={The machine is not mutable (state is Running)}, preserve=false aResultDetail=0
03:45:55.392547 nspr-7   WARNING [COM]: aRC=NS_ERROR_FAILURE (0x80004005) aIID={e54f6256-97a7-4947-8a78-10c013ddf4b8} aComponent={HostWrap} aText={VirtualBox is not currently allowed to access USB devices.  You can change this by adding your user to the 'vboxusers' group.  Please see the user manual for a more detailed explanation}, preserve=true aResultDetail=0
03:45:55.395195 nspr-8   WARNING [COM]: aRC=NS_ERROR_FAILURE (0x80004005) aIID={e54f6256-97a7-4947-8a78-10c013ddf4b8} aComponent={HostWrap} aText={VirtualBox is not currently allowed to access USB devices.  You can change this by adding your user to the 'vboxusers' group.  Please see the user manual for a more detailed explanation}, preserve=true aResultDetail=0
03:48:15.550267 nspr-6   Saving settings file "/home/thegassyninja/VirtualBox VMs/Arch-base Clone/Arch-base Clone.vbox" with version "1.19-linux"
03:48:15.557995 nspr-6   Finished saving settings file "/home/thegassyninja/VirtualBox VMs/Arch-base Clone/Arch-base Clone.vbox"
03:48:15.579321 nspr-6   ERROR [COM]: aRC=VBOX_E_INVALID_VM_STATE (0x80bb0002) aIID={300763af-5d6b-46e6-aa96-273eac15538a} aComponent={MachineWrap} aText={The machine is not mutable (state is Running)}, preserve=false aResultDetail=0
03:48:15.616502 nspr-2   WARNING [COM]: aRC=NS_ERROR_FAILURE (0x80004005) aIID={e54f6256-97a7-4947-8a78-10c013ddf4b8} aComponent={HostWrap} aText={VirtualBox is not currently allowed to access USB devices.  You can change this by adding your user to the 'vboxusers' group.  Please see the user manual for a more detailed explanation}, preserve=true aResultDetail=0
03:48:15.617512 nspr-4   WARNING [COM]: aRC=NS_ERROR_FAILURE (0x80004005) aIID={e54f6256-97a7-4947-8a78-10c013ddf4b8} aComponent={HostWrap} aText={VirtualBox is not currently allowed to access USB devices.  You can change this by adding your user to the 'vboxusers' group.  Please see the user manual for a more detailed explanation}, preserve=true aResultDetail=0
03:49:17.906416 nspr-8   Saving settings file "/home/thegassyninja/VirtualBox VMs/Arch-base Clone/Arch-base Clone.vbox" with version "1.19-linux"
03:49:17.914025 nspr-8   Finished saving settings file "/home/thegassyninja/VirtualBox VMs/Arch-base Clone/Arch-base Clone.vbox"
03:49:17.945310 nspr-5   ERROR [COM]: aRC=VBOX_E_INVALID_VM_STATE (0x80bb0002) aIID={300763af-5d6b-46e6-aa96-273eac15538a} aComponent={MachineWrap} aText={The machine is not mutable (state is Running)}, preserve=false aResultDetail=0
03:49:17.984347 nspr-5   WARNING [COM]: aRC=NS_ERROR_FAILURE (0x80004005) aIID={e54f6256-97a7-4947-8a78-10c013ddf4b8} aComponent={HostWrap} aText={VirtualBox is not currently allowed to access USB devices.  You can change this by adding your user to the 'vboxusers' group.  Please see the user manual for a more detailed explanation}, preserve=true aResultDetail=0
03:49:17.985451 nspr-3   WARNING [COM]: aRC=NS_ERROR_FAILURE (0x80004005) aIID={e54f6256-97a7-4947-8a78-10c013ddf4b8} aComponent={HostWrap} aText={VirtualBox is not currently allowed to access USB devices.  You can change this by adding your user to the 'vboxusers' group.  Please see the user manual for a more detailed explanation}, preserve=true aResultDetail=0
04:05:40.639600 nspr-3   Saving settings file "/home/thegassyninja/VirtualBox VMs/Arch-base Clone/Arch-base Clone.vbox" with version "1.19-linux"
04:05:40.651690 nspr-3   Finished saving settings file "/home/thegassyninja/VirtualBox VMs/Arch-base Clone/Arch-base Clone.vbox"
04:05:40.670210 nspr-4   ERROR [COM]: aRC=VBOX_E_INVALID_VM_STATE (0x80bb0002) aIID={300763af-5d6b-46e6-aa96-273eac15538a} aComponent={MachineWrap} aText={The machine is not mutable (state is Running)}, preserve=false aResultDetail=0
04:05:40.693300 nspr-7   WARNING [COM]: aRC=NS_ERROR_FAILURE (0x80004005) aIID={e54f6256-97a7-4947-8a78-10c013ddf4b8} aComponent={HostWrap} aText={VirtualBox is not currently allowed to access USB devices.  You can change this by adding your user to the 'vboxusers' group.  Please see the user manual for a more detailed explanation}, preserve=true aResultDetail=0
04:05:40.694366 nspr-4   WARNING [COM]: aRC=NS_ERROR_FAILURE (0x80004005) aIID={e54f6256-97a7-4947-8a78-10c013ddf4b8} aComponent={HostWrap} aText={VirtualBox is not currently allowed to access USB devices.  You can change this by adding your user to the 'vboxusers' group.  Please see the user manual for a more detailed explanation}, preserve=true aResultDetail=0
04:41:35.568470 nspr-5   WARNING [COM]: aRC=NS_ERROR_FAILURE (0x80004005) aIID={e54f6256-97a7-4947-8a78-10c013ddf4b8} aComponent={HostWrap} aText={VirtualBox is not currently allowed to access USB devices.  You can change this by adding your user to the 'vboxusers' group.  Please see the user manual for a more detailed explanation}, preserve=true aResultDetail=0
04:41:35.582218 nspr-6   ERROR [COM]: aRC=VBOX_E_INVALID_VM_STATE (0x80bb0002) aIID={300763af-5d6b-46e6-aa96-273eac15538a} aComponent={MachineWrap} aText={The machine is not mutable (state is Stopping)}, preserve=false aResultDetail=0
04:41:35.597961 nspr-2   WARNING [COM]: aRC=NS_ERROR_FAILURE (0x80004005) aIID={e54f6256-97a7-4947-8a78-10c013ddf4b8} aComponent={HostWrap} aText={VirtualBox is not currently allowed to access USB devices.  You can change this by adding your user to the 'vboxusers' group.  Please see the user manual for a more detailed explanation}, preserve=true aResultDetail=0
04:41:35.598882 nspr-5   WARNING [COM]: aRC=NS_ERROR_FAILURE (0x80004005) aIID={e54f6256-97a7-4947-8a78-10c013ddf4b8} aComponent={HostWrap} aText={VirtualBox is not currently allowed to access USB devices.  You can change this by adding your user to the 'vboxusers' group.  Please see the user manual for a more detailed explanation}, preserve=true aResultDetail=0
04:41:35.684878 nspr-5   Saving settings file "/home/thegassyninja/VirtualBox VMs/Arch-base Clone/Arch-base Clone.vbox" with version "1.19-linux"
04:41:35.708632 nspr-5   Finished saving settings file "/home/thegassyninja/VirtualBox VMs/Arch-base Clone/Arch-base Clone.vbox"
04:41:35.719103 nspr-5   WARNING [COM]: aRC=NS_ERROR_FAILURE (0x80004005) aIID={e54f6256-97a7-4947-8a78-10c013ddf4b8} aComponent={HostWrap} aText={VirtualBox is not currently allowed to access USB devices.  You can change this by adding your user to the 'vboxusers' group.  Please see the user manual for a more detailed explanation}, preserve=true aResultDetail=0
04:41:35.736437 nspr-3   ERROR [COM]: aRC=VBOX_E_INVALID_VM_STATE (0x80bb0002) aIID={300763af-5d6b-46e6-aa96-273eac15538a} aComponent={MachineWrap} aText={The machine is not mutable (state is PoweredOff)}, preserve=false aResultDetail=0
04:41:35.753904 nspr-6   WARNING [COM]: aRC=NS_ERROR_FAILURE (0x80004005) aIID={e54f6256-97a7-4947-8a78-10c013ddf4b8} aComponent={HostWrap} aText={VirtualBox is not currently allowed to access USB devices.  You can change this by adding your user to the 'vboxusers' group.  Please see the user manual for a more detailed explanation}, preserve=true aResultDetail=0
04:41:35.754818 nspr-5   WARNING [COM]: aRC=NS_ERROR_FAILURE (0x80004005) aIID={e54f6256-97a7-4947-8a78-10c013ddf4b8} aComponent={HostWrap} aText={VirtualBox is not currently allowed to access USB devices.  You can change this by adding your user to the 'vboxusers' group.  Please see the user manual for a more detailed explanation}, preserve=true aResultDetail=0
04:41:36.722074 nspr-5   ERROR [COM]: aRC=VBOX_E_INVALID_VM_STATE (0x80bb0002) aIID={300763af-5d6b-46e6-aa96-273eac15538a} aComponent={MachineWrap} aText={The machine is not mutable (state is PoweredOff)}, preserve=false aResultDetail=0
04:41:36.751576 nspr-6   WARNING [COM]: aRC=NS_ERROR_FAILURE (0x80004005) aIID={e54f6256-97a7-4947-8a78-10c013ddf4b8} aComponent={HostWrap} aText={VirtualBox is not currently allowed to access USB devices.  You can change this by adding your user to the 'vboxusers' group.  Please see the user manual for a more detailed explanation}, preserve=true aResultDetail=0
04:41:36.752708 nspr-6   WARNING [COM]: aRC=NS_ERROR_FAILURE (0x80004005) aIID={e54f6256-97a7-4947-8a78-10c013ddf4b8} aComponent={HostWrap} aText={VirtualBox is not currently allowed to access USB devices.  You can change this by adding your user to the 'vboxusers' group.  Please see the user manual for a more detailed explanation}, preserve=true aResultDetail=0
04:41:54.425953 nspr-7   Saving settings file "/home/thegassyninja/.config/VirtualBox/VirtualBox.xml" with version "1.12-linux"
04:41:54.448943 nspr-7   Finished saving settings file "/home/thegassyninja/.config/VirtualBox/VirtualBox.xml"
04:42:02.627766 nspr-3   Saving settings file "/home/thegassyninja/.config/VirtualBox/VirtualBox.xml" with version "1.12-linux"
04:42:02.635785 nspr-3   Finished saving settings file "/home/thegassyninja/.config/VirtualBox/VirtualBox.xml"
04:42:02.657779 DeleteVM Saving settings file "/home/thegassyninja/VirtualBox VMs/Arch-base/Arch-base.vbox" with version "1.19-linux"
04:42:02.664481 DeleteVM Finished saving settings file "/home/thegassyninja/VirtualBox VMs/Arch-base/Arch-base.vbox"
04:42:02.664675 nspr-4   Saving settings file "/home/thegassyninja/.config/VirtualBox/VirtualBox.xml" with version "1.12-linux"
04:42:02.671645 nspr-4   Finished saving settings file "/home/thegassyninja/.config/VirtualBox/VirtualBox.xml"
04:42:02.675808 nspr-2   ERROR [COM]: aRC=VBOX_E_OBJECT_NOT_FOUND (0x80bb0001) aIID={7682d5eb-f00e-44f1-8ca2-99d08b1cd607} aComponent={VirtualBoxWrap} aText={Could not find a registered machine with UUID {bca032c1-e697-4d9a-93aa-4a328441f8b4}}, preserve=false aResultDetail=0
04:42:02.705184 nspr-5   ERROR [COM]: aRC=VBOX_E_OBJECT_NOT_FOUND (0x80bb0001) aIID={7682d5eb-f00e-44f1-8ca2-99d08b1cd607} aComponent={VirtualBoxWrap} aText={Could not find a registered machine with UUID {bca032c1-e697-4d9a-93aa-4a328441f8b4}}, preserve=false aResultDetail=0
04:42:02.722519 nspr-2   WARNING [COM]: aRC=NS_ERROR_FAILURE (0x80004005) aIID={e54f6256-97a7-4947-8a78-10c013ddf4b8} aComponent={HostWrap} aText={VirtualBox is not currently allowed to access USB devices.  You can change this by adding your user to the 'vboxusers' group.  Please see the user manual for a more detailed explanation}, preserve=true aResultDetail=0
04:42:02.732098 nspr-2   ERROR [COM]: aRC=VBOX_E_INVALID_VM_STATE (0x80bb0002) aIID={300763af-5d6b-46e6-aa96-273eac15538a} aComponent={MachineWrap} aText={The machine is not mutable (state is PoweredOff)}, preserve=false aResultDetail=0
04:42:02.755365 nspr-2   WARNING [COM]: aRC=NS_ERROR_FAILURE (0x80004005) aIID={e54f6256-97a7-4947-8a78-10c013ddf4b8} aComponent={HostWrap} aText={VirtualBox is not currently allowed to access USB devices.  You can change this by adding your user to the 'vboxusers' group.  Please see the user manual for a more detailed explanation}, preserve=true aResultDetail=0
04:42:02.756527 nspr-2   WARNING [COM]: aRC=NS_ERROR_FAILURE (0x80004005) aIID={e54f6256-97a7-4947-8a78-10c013ddf4b8} aComponent={HostWrap} aText={VirtualBox is not currently allowed to access USB devices.  You can change this by adding your user to the 'vboxusers' group.  Please see the user manual for a more detailed explanation}, preserve=true aResultDetail=0
04:42:21.870178 TakeSnap Taking snapshot Linked Base for Arch-base and Arch-base Clone
04:42:21.870672 TakeSnap Saving settings file "/home/thegassyninja/VirtualBox VMs/Arch-base/Arch-base.vbox" with version "1.19-linux"
04:42:21.879300 TakeSnap Finished saving settings file "/home/thegassyninja/VirtualBox VMs/Arch-base/Arch-base.vbox"
04:42:21.881120 TakeSnap Saving settings file "/home/thegassyninja/VirtualBox VMs/Arch-base/Arch-base.vbox" with version "1.19-linux"
04:42:21.886718 TakeSnap Finished saving settings file "/home/thegassyninja/VirtualBox VMs/Arch-base/Arch-base.vbox"
04:42:21.887300 TakeSnap Saving settings file "/home/thegassyninja/VirtualBox VMs/Arch-base/Arch-base.vbox" with version "1.19-linux"
04:42:21.892062 TakeSnap Finished saving settings file "/home/thegassyninja/VirtualBox VMs/Arch-base/Arch-base.vbox"
04:42:21.892361 TakeSnap Saving settings file "/home/thegassyninja/VirtualBox VMs/Arch-base/Arch-base.vbox" with version "1.19-linux"
04:42:21.897160 TakeSnap Finished saving settings file "/home/thegassyninja/VirtualBox VMs/Arch-base/Arch-base.vbox"
04:42:21.897246 TakeSnap Finished taking snapshot Linked Base for Arch-base and Arch-base Clone
04:42:21.948214 nspr-8   WARNING [COM]: aRC=NS_ERROR_FAILURE (0x80004005) aIID={e54f6256-97a7-4947-8a78-10c013ddf4b8} aComponent={HostWrap} aText={VirtualBox is not currently allowed to access USB devices.  You can change this by adding your user to the 'vboxusers' group.  Please see the user manual for a more detailed explanation}, preserve=true aResultDetail=0
04:42:21.966646 MachineClone Saving settings file "/home/thegassyninja/VirtualBox VMs/Arch-base Clone/Arch-base Clone.vbox" with version "1.19-linux"
04:42:21.992485 MachineClone Finished saving settings file "/home/thegassyninja/VirtualBox VMs/Arch-base Clone/Arch-base Clone.vbox"
04:42:21.993400 MachineClone Saving settings file "/home/thegassyninja/VirtualBox VMs/Arch-base/Arch-base.vbox" with version "1.19-linux"
04:42:21.999088 MachineClone Finished saving settings file "/home/thegassyninja/VirtualBox VMs/Arch-base/Arch-base.vbox"
04:42:21.999505 MachineClone Saving settings file "/home/thegassyninja/.config/VirtualBox/VirtualBox.xml" with version "1.12-linux"
04:42:22.004182 MachineClone Finished saving settings file "/home/thegassyninja/.config/VirtualBox/VirtualBox.xml"
04:42:22.007336 nspr-3   ERROR [COM]: aRC=VBOX_E_OBJECT_NOT_FOUND (0x80bb0001) aIID={7682d5eb-f00e-44f1-8ca2-99d08b1cd607} aComponent={VirtualBoxWrap} aText={Could not find a registered machine with UUID {df30810d-0856-4e1b-865f-ccdd973c923b}}, preserve=false aResultDetail=0
04:42:22.010003 nspr-4   Saving settings file "/home/thegassyninja/.config/VirtualBox/VirtualBox.xml" with version "1.12-linux"
04:42:22.011221 nspr-8   ERROR [COM]: aRC=VBOX_E_INVALID_VM_STATE (0x80bb0002) aIID={300763af-5d6b-46e6-aa96-273eac15538a} aComponent={MachineWrap} aText={The machine is not mutable (state is PoweredOff)}, preserve=false aResultDetail=0
04:42:22.016248 nspr-4   Finished saving settings file "/home/thegassyninja/.config/VirtualBox/VirtualBox.xml"
04:42:22.034114 nspr-4   Saving settings file "/home/thegassyninja/.config/VirtualBox/VirtualBox.xml" with version "1.12-linux"
04:42:22.038718 nspr-4   Finished saving settings file "/home/thegassyninja/.config/VirtualBox/VirtualBox.xml"
04:42:22.058556 nspr-8   WARNING [COM]: aRC=NS_ERROR_FAILURE (0x80004005) aIID={e54f6256-97a7-4947-8a78-10c013ddf4b8} aComponent={HostWrap} aText={VirtualBox is not currently allowed to access USB devices.  You can change this by adding your user to the 'vboxusers' group.  Please see the user manual for a more detailed explanation}, preserve=true aResultDetail=0
04:42:22.074585 nspr-8   ERROR [COM]: aRC=VBOX_E_INVALID_VM_STATE (0x80bb0002) aIID={300763af-5d6b-46e6-aa96-273eac15538a} aComponent={MachineWrap} aText={The machine is not mutable (state is PoweredOff)}, preserve=false aResultDetail=0
04:42:22.089099 nspr-3   WARNING [COM]: aRC=NS_ERROR_FAILURE (0x80004005) aIID={e54f6256-97a7-4947-8a78-10c013ddf4b8} aComponent={HostWrap} aText={VirtualBox is not currently allowed to access USB devices.  You can change this by adding your user to the 'vboxusers' group.  Please see the user manual for a more detailed explanation}, preserve=true aResultDetail=0
04:42:22.090182 nspr-3   WARNING [COM]: aRC=NS_ERROR_FAILURE (0x80004005) aIID={e54f6256-97a7-4947-8a78-10c013ddf4b8} aComponent={HostWrap} aText={VirtualBox is not currently allowed to access USB devices.  You can change this by adding your user to the 'vboxusers' group.  Please see the user manual for a more detailed explanation}, preserve=true aResultDetail=0
04:42:28.856413 nspr-8   Launched VM: 3825219904 pid: 3444090 (0x348d7a) frontend: GUI/Qt name: Arch-base Clone
04:42:28.883089 nspr-4   ERROR [COM]: aRC=VBOX_E_INVALID_VM_STATE (0x80bb0002) aIID={300763af-5d6b-46e6-aa96-273eac15538a} aComponent={MachineWrap} aText={The machine is not mutable (state is PoweredOff)}, preserve=false aResultDetail=0
04:42:28.912349 nspr-3   WARNING [COM]: aRC=NS_ERROR_FAILURE (0x80004005) aIID={e54f6256-97a7-4947-8a78-10c013ddf4b8} aComponent={HostWrap} aText={VirtualBox is not currently allowed to access USB devices.  You can change this by adding your user to the 'vboxusers' group.  Please see the user manual for a more detailed explanation}, preserve=true aResultDetail=0
04:42:28.914010 nspr-8   WARNING [COM]: aRC=NS_ERROR_FAILURE (0x80004005) aIID={e54f6256-97a7-4947-8a78-10c013ddf4b8} aComponent={HostWrap} aText={VirtualBox is not currently allowed to access USB devices.  You can change this by adding your user to the 'vboxusers' group.  Please see the user manual for a more detailed explanation}, preserve=true aResultDetail=0
04:42:29.179913 nspr-8   ERROR [COM]: aRC=VBOX_E_INVALID_VM_STATE (0x80bb0002) aIID={300763af-5d6b-46e6-aa96-273eac15538a} aComponent={MachineWrap} aText={The machine is not mutable (state is PoweredOff)}, preserve=false aResultDetail=0
04:42:29.198377 nspr-6   WARNING [COM]: aRC=NS_ERROR_FAILURE (0x80004005) aIID={e54f6256-97a7-4947-8a78-10c013ddf4b8} aComponent={HostWrap} aText={VirtualBox is not currently allowed to access USB devices.  You can change this by adding your user to the 'vboxusers' group.  Please see the user manual for a more detailed explanation}, preserve=true aResultDetail=0
04:42:29.199498 nspr-6   WARNING [COM]: aRC=NS_ERROR_FAILURE (0x80004005) aIID={e54f6256-97a7-4947-8a78-10c013ddf4b8} aComponent={HostWrap} aText={VirtualBox is not currently allowed to access USB devices.  You can change this by adding your user to the 'vboxusers' group.  Please see the user manual for a more detailed explanation}, preserve=true aResultDetail=0
04:42:29.397001 nspr-6   Saving settings file "/home/thegassyninja/.config/VirtualBox/VirtualBox.xml" with version "1.12-linux"
04:42:29.404920 nspr-6   Finished saving settings file "/home/thegassyninja/.config/VirtualBox/VirtualBox.xml"
04:42:29.754749 nspr-5   WARNING [COM]: aRC=NS_ERROR_FAILURE (0x80004005) aIID={e54f6256-97a7-4947-8a78-10c013ddf4b8} aComponent={HostWrap} aText={VirtualBox is not currently allowed to access USB devices.  You can change this by adding your user to the 'vboxusers' group.  Please see the user manual for a more detailed explanation}, preserve=true aResultDetail=0
04:42:29.755539 nspr-4   WARNING [COM]: aRC=NS_ERROR_FAILURE (0x80004005) aIID={e54f6256-97a7-4947-8a78-10c013ddf4b8} aComponent={HostWrap} aText={VirtualBox is not currently allowed to access USB devices.  You can change this by adding your user to the 'vboxusers' group.  Please see the user manual for a more detailed explanation}, preserve=true aResultDetail=0
04:42:29.755841 nspr-5   ERROR [COM]: aRC=VBOX_E_OBJECT_NOT_FOUND (0x80bb0001) aIID={70401eef-c8e9-466b-9660-45cb3e9979e4} aComponent={ExtPackManagerWrap} aText={No extension pack by the name 'Oracle VM VirtualBox Extension Pack' was found}, preserve=false aResultDetail=0
04:42:30.119550 nspr-2   Saving settings file "/home/thegassyninja/.config/VirtualBox/VirtualBox.xml" with version "1.12-linux"
04:42:30.142404 nspr-2   Finished saving settings file "/home/thegassyninja/.config/VirtualBox/VirtualBox.xml"
04:42:32.180107 nspr-6   ERROR [COM]: aRC=VBOX_E_IPRT_ERROR (0x80bb0005) aIID={300763af-5d6b-46e6-aa96-273eac15538a} aComponent={SessionMachine} aText={Saved screenshot data is not available (VERR_NOT_SUPPORTED)}, preserve=false aResultDetail=-37
04:42:32.215272 nspr-6   WARNING [COM]: aRC=NS_ERROR_FAILURE (0x80004005) aIID={e54f6256-97a7-4947-8a78-10c013ddf4b8} aComponent={HostWrap} aText={VirtualBox is not currently allowed to access USB devices.  You can change this by adding your user to the 'vboxusers' group.  Please see the user manual for a more detailed explanation}, preserve=false aResultDetail=0
04:42:32.216371 nspr-4   WARNING [COM]: aRC=NS_ERROR_FAILURE (0x80004005) aIID={e54f6256-97a7-4947-8a78-10c013ddf4b8} aComponent={HostWrap} aText={VirtualBox is not currently allowed to access USB devices.  You can change this by adding your user to the 'vboxusers' group.  Please see the user manual for a more detailed explanation}, preserve=true aResultDetail=0
04:42:32.216616 nspr-6   WARNING [COM]: aRC=NS_ERROR_FAILURE (0x80004005) aIID={e54f6256-97a7-4947-8a78-10c013ddf4b8} aComponent={HostWrap} aText={VirtualBox is not currently allowed to access USB devices.  You can change this by adding your user to the 'vboxusers' group.  Please see the user manual for a more detailed explanation}, preserve=true aResultDetail=0
04:42:32.278150 nspr-5   WARNING [COM]: aRC=NS_ERROR_FAILURE (0x80004005) aIID={e54f6256-97a7-4947-8a78-10c013ddf4b8} aComponent={HostWrap} aText={VirtualBox is not currently allowed to access USB devices.  You can change this by adding your user to the 'vboxusers' group.  Please see the user manual for a more detailed explanation}, preserve=true aResultDetail=0
04:42:32.309009 nspr-8   WARNING [COM]: aRC=NS_ERROR_FAILURE (0x80004005) aIID={e54f6256-97a7-4947-8a78-10c013ddf4b8} aComponent={HostWrap} aText={VirtualBox is not currently allowed to access USB devices.  You can change this by adding your user to the 'vboxusers' group.  Please see the user manual for a more detailed explanation}, preserve=true aResultDetail=0
04:42:32.324786 nspr-8   ERROR [COM]: aRC=VBOX_E_INVALID_VM_STATE (0x80bb0002) aIID={300763af-5d6b-46e6-aa96-273eac15538a} aComponent={MachineWrap} aText={The machine is not mutable (state is Starting)}, preserve=false aResultDetail=0
04:42:32.362588 nspr-8   WARNING [COM]: aRC=NS_ERROR_FAILURE (0x80004005) aIID={e54f6256-97a7-4947-8a78-10c013ddf4b8} aComponent={HostWrap} aText={VirtualBox is not currently allowed to access USB devices.  You can change this by adding your user to the 'vboxusers' group.  Please see the user manual for a more detailed explanation}, preserve=true aResultDetail=0
04:42:32.363628 nspr-8   WARNING [COM]: aRC=NS_ERROR_FAILURE (0x80004005) aIID={e54f6256-97a7-4947-8a78-10c013ddf4b8} aComponent={HostWrap} aText={VirtualBox is not currently allowed to access USB devices.  You can change this by adding your user to the 'vboxusers' group.  Please see the user manual for a more detailed explanation}, preserve=true aResultDetail=0
04:42:32.462509 nspr-5   ERROR [COM]: aRC=VBOX_E_OBJECT_NOT_FOUND (0x80bb0001) aIID={ad47ad09-787b-44ab-b343-a082a3f2dfb1} aComponent={MediumWrap} aText={Property 'CRYPT/KeyId' does not exist}, preserve=false aResultDetail=0
04:42:32.498613 nspr-4   WARNING [COM]: aRC=NS_ERROR_FAILURE (0x80004005) aIID={e54f6256-97a7-4947-8a78-10c013ddf4b8} aComponent={HostWrap} aText={VirtualBox is not currently allowed to access USB devices.  You can change this by adding your user to the 'vboxusers' group.  Please see the user manual for a more detailed explanation}, preserve=true aResultDetail=0
04:42:32.514601 nspr-6   ERROR [COM]: aRC=VBOX_E_INVALID_VM_STATE (0x80bb0002) aIID={300763af-5d6b-46e6-aa96-273eac15538a} aComponent={MachineWrap} aText={The machine is not mutable (state is Running)}, preserve=false aResultDetail=0
04:42:32.536372 nspr-6   Saving settings file "/home/thegassyninja/.config/VirtualBox/VirtualBox.xml" with version "1.12-linux"
04:42:32.561374 nspr-6   Finished saving settings file "/home/thegassyninja/.config/VirtualBox/VirtualBox.xml"
04:42:32.583427 nspr-8   WARNING [COM]: aRC=NS_ERROR_FAILURE (0x80004005) aIID={e54f6256-97a7-4947-8a78-10c013ddf4b8} aComponent={HostWrap} aText={VirtualBox is not currently allowed to access USB devices.  You can change this by adding your user to the 'vboxusers' group.  Please see the user manual for a more detailed explanation}, preserve=true aResultDetail=0
04:42:32.584461 nspr-3   WARNING [COM]: aRC=NS_ERROR_FAILURE (0x80004005) aIID={e54f6256-97a7-4947-8a78-10c013ddf4b8} aComponent={HostWrap} aText={VirtualBox is not currently allowed to access USB devices.  You can change this by adding your user to the 'vboxusers' group.  Please see the user manual for a more detailed explanation}, preserve=true aResultDetail=0
04:42:32.658186 nspr-8   Saving settings file "/home/thegassyninja/VirtualBox VMs/Arch-base Clone/Arch-base Clone.vbox" with version "1.19-linux"
04:42:32.681937 nspr-8   Finished saving settings file "/home/thegassyninja/VirtualBox VMs/Arch-base Clone/Arch-base Clone.vbox"
04:42:32.696517 nspr-6   ERROR [COM]: aRC=VBOX_E_INVALID_VM_STATE (0x80bb0002) aIID={300763af-5d6b-46e6-aa96-273eac15538a} aComponent={MachineWrap} aText={The machine is not mutable (state is Running)}, preserve=false aResultDetail=0
04:42:32.729405 nspr-3   WARNING [COM]: aRC=NS_ERROR_FAILURE (0x80004005) aIID={e54f6256-97a7-4947-8a78-10c013ddf4b8} aComponent={HostWrap} aText={VirtualBox is not currently allowed to access USB devices.  You can change this by adding your user to the 'vboxusers' group.  Please see the user manual for a more detailed explanation}, preserve=true aResultDetail=0
04:42:32.730338 nspr-6   WARNING [COM]: aRC=NS_ERROR_FAILURE (0x80004005) aIID={e54f6256-97a7-4947-8a78-10c013ddf4b8} aComponent={HostWrap} aText={VirtualBox is not currently allowed to access USB devices.  You can change this by adding your user to the 'vboxusers' group.  Please see the user manual for a more detailed explanation}, preserve=true aResultDetail=0
04:42:35.425273 nspr-7   Saving settings file "/home/thegassyninja/.config/VirtualBox/VirtualBox.xml" with version "1.12-linux"
04:42:35.432147 nspr-7   Finished saving settings file "/home/thegassyninja/.config/VirtualBox/VirtualBox.xml"
04:42:39.015408 nspr-3   Saving settings file "/home/thegassyninja/VirtualBox VMs/Arch-base Clone/Arch-base Clone.vbox" with version "1.19-linux"
04:42:39.041137 nspr-3   Finished saving settings file "/home/thegassyninja/VirtualBox VMs/Arch-base Clone/Arch-base Clone.vbox"
04:45:00.420480 nspr-8   Saving settings file "/home/thegassyninja/VirtualBox VMs/Arch-base Clone/Arch-base Clone.vbox" with version "1.19-linux"
04:45:00.428990 nspr-8   Finished saving settings file "/home/thegassyninja/VirtualBox VMs/Arch-base Clone/Arch-base Clone.vbox"
11:29:07.330689 nspr-8   Saving settings file "/home/thegassyninja/VirtualBox VMs/Arch-base Clone/Arch-base Clone.vbox" with version "1.19-linux"
11:29:07.353967 nspr-8   Finished saving settings file "/home/thegassyninja/VirtualBox VMs/Arch-base Clone/Arch-base Clone.vbox"
11:29:28.307116 nspr-6   Saving settings file "/home/thegassyninja/VirtualBox VMs/Arch-base Clone/Arch-base Clone.vbox" with version "1.19-linux"
11:29:28.330887 nspr-6   Finished saving settings file "/home/thegassyninja/VirtualBox VMs/Arch-base Clone/Arch-base Clone.vbox"
11:29:34.810302 main     VirtualBox: object deletion starts
11:29:34.810408 main     ERROR [COM]: aRC=VBOX_E_OBJECT_IN_USE (0x80bb000c) aIID={ad47ad09-787b-44ab-b343-a082a3f2dfb1} aComponent={MediumWrap} aText={Medium '/home/thegassyninja/VirtualBox VMs/Arch-base Clone/Snapshots/{455b2843-ee9e-46ac-a96d-dc591f7bad1a}.vdi' cannot be closed because it is still attached to 1 virtual machines}, preserve=false aResultDetail=0
11:29:34.810433 main     ERROR [COM]: aRC=VBOX_E_OBJECT_IN_USE (0x80bb000c) aIID={ad47ad09-787b-44ab-b343-a082a3f2dfb1} aComponent={MediumWrap} aText={Medium '/home/thegassyninja/VirtualBox VMs/Arch-base/Snapshots/{0c66c549-356c-4697-af0c-2d29c38d4004}.vdi' cannot be closed because it is still attached to 1 virtual machines}, preserve=false aResultDetail=0
11:29:34.810446 main     ERROR [COM]: aRC=VBOX_E_OBJECT_IN_USE (0x80bb000c) aIID={ad47ad09-787b-44ab-b343-a082a3f2dfb1} aComponent={MediumWrap} aText={Medium '/home/thegassyninja/VirtualBox VMs/Arch-base/Snapshots/{b7493d16-e4f3-4bc6-aa29-6bce1cf9bb86}.vdi' cannot be closed because it is still attached to 1 virtual machines}, preserve=false aResultDetail=0
11:29:34.810455 main     ERROR [COM]: aRC=VBOX_E_OBJECT_IN_USE (0x80bb000c) aIID={ad47ad09-787b-44ab-b343-a082a3f2dfb1} aComponent={MediumWrap} aText={Medium '/home/thegassyninja/VirtualBox VMs/Arch-base/Arch-base.vdi' cannot be closed because it is still attached to 1 virtual machines}, preserve=false aResultDetail=0
11:29:34.810645 main     ERROR [COM]: aRC=E_ACCESSDENIED (0x80070005) aIID={6cc49055-dad4-4496-85cf-3f76bcb3b5fa} aComponent={SnapshotWrap} aText={The object is not ready}, preserve=false aResultDetail=0
11:29:34.810667 main     ERROR [COM]: aRC=E_ACCESSDENIED (0x80070005) aIID={6cc49055-dad4-4496-85cf-3f76bcb3b5fa} aComponent={SnapshotWrap} aText={The object is not ready}, preserve=false aResultDetail=0
11:29:34.811002 main     HostDnsMonitor: shutting down ...
11:29:34.821616 main     HostDnsMonitor: shut down
11:29:34.832613 Watcher  ERROR [COM]: aRC=E_ACCESSDENIED (0x80070005) aIID={7682d5eb-f00e-44f1-8ca2-99d08b1cd607} aComponent={VirtualBoxWrap} aText={The object is not ready}, preserve=false aResultDetail=0
11:29:34.832672 main     VirtualBox: object deleted
